('id', 6)
(':', -1)
('int', -1)
(';', -1)
('print', -1)
('constant', 8)
(';', -1)
('read', -1)
('id', 6)
(';', -1)
('if', -1)
('(', -1)
('id', 6)
('=', -1)
('=', -1)
('constant', 8)
('or', -1)
('id', 6)
('=', -1)
('=', -1)
('constant', 9)
(')', -1)
('{', -1)
('print', -1)
('constant', 1)
(';', -1)
('}', -1)
('else', -1)
('{', -1)
('id', 3)
(':', -1)
('int', -1)
(';', -1)
('id', 8)
(':', -1)
('int', -1)
('=', -1)
('constant', 9)
(';', -1)
('for', -1)
('(', -1)
('id', 3)
('=', -1)
('constant', 0)
(';', -1)
('id', 3)
('<', -1)
('id', 6)
(';', -1)
('id', 3)
('=', -1)
('id', 3)
('+', -1)
('constant', 9)
(')', -1)
('{', -1)
('if', -1)
('(', -1)
('id', 6)
('%', -1)
('id', 3)
('=', -1)
('=', -1)
('constant', 8)
(')', -1)
('{', -1)
('print', -1)
('constant', 1)
(';', -1)
('id', 8)
('=', -1)
('constant', 8)
(';', -1)
('}', -1)
('}', -1)
('if', -1)
('(', -1)
('id', 8)
('=', -1)
('constant', 9)
(')', -1)
('{', -1)
('print', -1)
('constant', 6)
(';', -1)
('}', -1)
('}', -1)
